{"level":"info","time":"2022-04-18T08:33:02Z","message":"Thank you for trying Cloudflare Tunnel. Doing so, without a Cloudflare account, is a quick way to experiment and try it out. However, be aware that these account-less Tunnels have no uptime guarantee. If you intend to use Tunnels in production you should use a pre-created named tunnel by following: https://developers.cloudflare.com/cloudflare-one/connections/connect-apps"}
{"level":"info","time":"2022-04-18T08:33:02Z","message":"Requesting new quick Tunnel on trycloudflare.com..."}
{"level":"info","time":"2022-04-18T08:33:04Z","message":"Thank you for trying Cloudflare Tunnel. Doing so, without a Cloudflare account, is a quick way to experiment and try it out. However, be aware that these account-less Tunnels have no uptime guarantee. If you intend to use Tunnels in production you should use a pre-created named tunnel by following: https://developers.cloudflare.com/cloudflare-one/connections/connect-apps"}
{"level":"info","time":"2022-04-18T08:33:04Z","message":"Requesting new quick Tunnel on trycloudflare.com..."}
{"level":"info","time":"2022-04-18T08:33:07Z","message":"+--------------------------------------------------------------------------------------------+"}
{"level":"info","time":"2022-04-18T08:33:07Z","message":"|  Your quick Tunnel has been created! Visit it at (it may take some time to be reachable):  |"}
{"level":"info","time":"2022-04-18T08:33:07Z","message":"|  https://counties-integrate-risk-basin.trycloudflare.com                                   |"}
{"level":"info","time":"2022-04-18T08:33:07Z","message":"+--------------------------------------------------------------------------------------------+"}
{"level":"info","time":"2022-04-18T08:33:07Z","message":"Cannot determine default configuration path. No file [config.yml config.yaml] in [~/.cloudflared ~/.cloudflare-warp ~/cloudflare-warp /etc/cloudflared /usr/local/etc/cloudflared]"}
{"level":"info","time":"2022-04-18T08:33:07Z","message":"Version 2022.4.1"}
{"level":"info","time":"2022-04-18T08:33:07Z","message":"GOOS: linux, GOVersion: go1.17.5, GoArch: amd64"}
{"level":"info","time":"2022-04-18T08:33:07Z","message":"Settings: map[logfile:./cloudflared.log metrics:localhost:45678 protocol:quic url:ssh://localhost:22]"}
{"level":"info","autoupdateFreq":86400000,"time":"2022-04-18T08:33:07Z","message":"Autoupdate frequency is set"}
{"level":"info","time":"2022-04-18T08:33:07Z","message":"Generated Connector ID: 6d7578f4-8393-4b89-ad9d-b07470488c00"}
{"level":"info","time":"2022-04-18T08:33:07Z","message":"Initial protocol quic"}
{"level":"info","time":"2022-04-18T08:33:07Z","message":"Starting metrics server on 127.0.0.1:45678/metrics"}
{"level":"info","connIndex":0,"location":"AMS","time":"2022-04-18T08:33:08Z","message":"Connection 9db178f8-c2a4-4578-a4d6-c571784c418b registered"}
{"level":"info","connIndex":1,"location":"LHR","time":"2022-04-18T08:33:08Z","message":"Connection 3a1967a6-2407-49c5-9cfe-d06ac78588ef registered"}
{"level":"info","connIndex":2,"location":"AMS","time":"2022-04-18T08:33:09Z","message":"Connection 22cef34e-9d3b-4c8b-bbb0-af452219ccd2 registered"}
{"level":"info","connIndex":3,"location":"LHR","time":"2022-04-18T08:33:10Z","message":"Connection 6d4bbbf6-1180-4d29-918f-11cd26014df0 registered"}
{"level":"info","time":"2022-04-18T09:06:02Z","message":"Initiating graceful shutdown due to signal interrupt ..."}
{"level":"info","connIndex":0,"time":"2022-04-18T09:06:02Z","message":"Unregistered tunnel connection"}
{"level":"info","connIndex":2,"time":"2022-04-18T09:06:02Z","message":"Unregistered tunnel connection"}
{"level":"info","connIndex":1,"time":"2022-04-18T09:06:03Z","message":"Unregistered tunnel connection"}
{"level":"info","connIndex":3,"time":"2022-04-18T09:06:03Z","message":"Unregistered tunnel connection"}
{"level":"info","time":"2022-04-18T09:06:03Z","message":"Tunnel server stopped"}
{"level":"info","time":"2022-04-18T09:06:03Z","message":"Metrics server stopped"}
